\BOOKMARK [0][-]{chapter*.2}{Resumen}{}% 1
\BOOKMARK [0][-]{chapter*.4}{Introducci\363n}{}% 2
\BOOKMARK [0][-]{chapter.1}{Espacios Topol\363gicos Lineales.}{}% 3
\BOOKMARK [1][-]{section.1.1}{Espacios topol\363gicos.}{chapter.1}% 4
\BOOKMARK [1][-]{section.1.2}{Espacios vectoriales.}{chapter.1}% 5
\BOOKMARK [1][-]{section.1.3}{Espacios topol\363gicos lineales.}{chapter.1}% 6
\BOOKMARK [1][-]{section.1.4}{Conos convexos.}{chapter.1}% 7
\BOOKMARK [1][-]{section.1.5}{Conjuntos K-convexos.}{chapter.1}% 8
\BOOKMARK [0][-]{chapter.2}{El teorema de Bernstein\205Doetsch}{}% 9
\BOOKMARK [1][-]{section.2.1}{Versi\363n Original.}{chapter.2}% 10
\BOOKMARK [1][-]{section.2.2}{Cambio en la estructura del espacio subyacente.}{chapter.2}% 11
\BOOKMARK [1][-]{section.2.3}{Convexidad Aproximada.}{chapter.2}% 12
\BOOKMARK [2][-]{subsection.2.3.1}{\(\)-convexidad.}{section.2.3}% 13
\BOOKMARK [1][-]{section.2.4}{Convexidad fuerte.}{chapter.2}% 14
\BOOKMARK [0][-]{chapter.3}{Multifunciones.}{}% 15
\BOOKMARK [1][-]{section.3.1}{Definiciones B\341sicas.}{chapter.3}% 16
\BOOKMARK [1][-]{section.3.2}{K-convexidad y K-concavidad de multifunciones.}{chapter.3}% 17
\BOOKMARK [1][-]{section.3.3}{El teorema de Bernstein\205Doetsch para multifunciones.}{chapter.3}% 18
\BOOKMARK [1][-]{section.3.4}{Convexidad fuerte.}{chapter.3}% 19
\BOOKMARK [1][-]{section.3.5}{Transformaci\363n de Takagi de una multifunci\363n.}{chapter.3}% 20
\BOOKMARK [1][-]{section.3.6}{Transformaci\363n de Takagi-Tabor de una multifunci\363n.}{chapter.3}% 21
\BOOKMARK [0][-]{chapter.4}{T\351rmino de error de tipo Takagi-Hazy-Pales.}{}% 22
\BOOKMARK [1][-]{section.4.1}{Teorema de tipo Bernstein\205Doetsch para multifunciones convexas}{chapter.4}% 23
\BOOKMARK [1][-]{section.4.2}{Teorema de tipo Bernstein\205Doetsch para multifunciones c\363ncavas.}{chapter.4}% 24
\BOOKMARK [1][-]{section.4.3}{Consecuencias de los teoremas previos.}{chapter.4}% 25
\BOOKMARK [0][-]{equation.4.3.29}{Conclusiones}{}% 26
\BOOKMARK [0][-]{chapter*.7}{Bibliograf\355a}{}% 27
